3/1/2025, 1:43:55 AM GMT+9 0: 

----------------------------------------------
3/1/2025, 1:43:55 AM GMT+9 1: Discord starting: {"releaseChannel":"stable","version":"0.0.87"}, modulepath: /home/asayuki/.config/discord/0.0.87/modules
3/1/2025, 1:43:55 AM GMT+9 2: ✅ webContents.created web1 ""
3/1/2025, 1:43:55 AM GMT+9 3: ✅ window.created win1 "discord"
3/1/2025, 1:43:56 AM GMT+9 4: ✅ webContents.did-finish-load web1
3/1/2025, 1:44:04 AM GMT+9 5: ✅ webContents.created web2 ""
3/1/2025, 1:44:04 AM GMT+9 6: ✅ window.created win2 "Discord"
3/1/2025, 1:44:06 AM GMT+9 7: ✅ webContents.did-finish-load web2
3/1/2025, 1:44:06 AM GMT+9 8: window.close win1
3/1/2025, 1:44:06 AM GMT+9 9: webContents.destroyed web1
3/1/2025, 1:44:06 AM GMT+9 10: window.closed win1
3/1/2025, 1:44:49 AM GMT+9 11: window.close win2
3/1/2025, 1:44:51 AM GMT+9 12: before-quit
3/1/2025, 1:44:51 AM GMT+9 13: window.close win2
3/1/2025, 1:55:05 AM GMT+9 14: window.closed win2
3/1/2025, 1:55:13 AM GMT+9 0: 

----------------------------------------------
3/1/2025, 1:55:13 AM GMT+9 1: Discord starting: {"releaseChannel":"stable","version":"0.0.87"}, modulepath: /home/asayuki/.config/discord/0.0.87/modules
3/1/2025, 1:55:13 AM GMT+9 2: ✅ webContents.created web1 "index.html"
3/1/2025, 1:55:13 AM GMT+9 3: ✅ window.created win1 "discord"
3/1/2025, 1:55:13 AM GMT+9 4: ✅ webContents.did-finish-load web1
3/1/2025, 1:55:13 AM GMT+9 5: ✅ webContents.created web2 ""
3/1/2025, 1:55:13 AM GMT+9 6: ✅ window.created win2 "Discord"
3/1/2025, 1:55:18 AM GMT+9 7: ✅ webContents.did-finish-load web2
3/1/2025, 1:55:18 AM GMT+9 8: window.close win1
3/1/2025, 1:55:19 AM GMT+9 9: webContents.destroyed web1
3/1/2025, 1:55:19 AM GMT+9 10: window.closed win1
3/1/2025, 2:05:11 AM GMT+9 11: before-quit
3/1/2025, 2:05:11 AM GMT+9 12: window.close win2
3/1/2025, 2:05:11 AM GMT+9 13: webContents.destroyed web2
3/1/2025, 2:05:11 AM GMT+9 14: window.closed win2
